<?xml version="1.0" encoding="UTF-8"?>
<testng-results ignored="0" total="3" passed="3" failed="0" skipped="0">
  <reporter-output>
  </reporter-output>
  <suite started-at="2021-10-07T11:58:52 EDT" name="Default suite" finished-at="2021-10-07T11:58:53 EDT" duration-ms="1327">
    <groups>
    </groups>
    <test started-at="2021-10-07T11:58:52 EDT" name="Default test" finished-at="2021-10-07T11:58:53 EDT" duration-ms="1327">
      <class name="testing1.LoginTest">
        <test-method signature="f(java.lang.String,java.lang.String)[pri:0, instance:testing1.LoginTest@6156496]" started-at="2021-10-07T11:58:53 EDT" name="f" data-provider="dp" finished-at="2021-10-07T11:58:53 EDT" duration-ms="11" status="PASS">
          <params>
            <param index="0">
              <value>
                <![CDATA[email1]]>
              </value>
            </param>
            <param index="1">
              <value>
                <![CDATA[password1]]>
              </value>
            </param>
          </params>
          <reporter-output>
          </reporter-output>
        </test-method> <!-- f -->
        <test-method signature="f(java.lang.String,java.lang.String)[pri:0, instance:testing1.LoginTest@6156496]" started-at="2021-10-07T11:58:53 EDT" name="f" data-provider="dp" finished-at="2021-10-07T11:58:53 EDT" duration-ms="15" status="PASS">
          <params>
            <param index="0">
              <value>
                <![CDATA[email2]]>
              </value>
            </param>
            <param index="1">
              <value>
                <![CDATA[password2]]>
              </value>
            </param>
          </params>
          <reporter-output>
          </reporter-output>
        </test-method> <!-- f -->
        <test-method signature="f(java.lang.String,java.lang.String)[pri:0, instance:testing1.LoginTest@6156496]" started-at="2021-10-07T11:58:53 EDT" name="f" data-provider="dp" finished-at="2021-10-07T11:58:53 EDT" duration-ms="1" status="PASS">
          <params>
            <param index="0">
              <value>
                <![CDATA[email3]]>
              </value>
            </param>
            <param index="1">
              <value>
                <![CDATA[password3]]>
              </value>
            </param>
          </params>
          <reporter-output>
          </reporter-output>
        </test-method> <!-- f -->
      </class> <!-- testing1.LoginTest -->
    </test> <!-- Default test -->
  </suite> <!-- Default suite -->
</testng-results>
